0 verbose cli C:\Program Files\nodejs\node.exe C:\Program Files\nodejs\node_modules\npm\bin\npm-cli.js
1 info using npm@11.8.0
2 info using node@v25.6.0
3 silly config load:file:C:\Program Files\nodejs\node_modules\npm\npmrc
4 silly config load:file:C:\Users\balkanlenovo\Desktop\Ivır zıvır\QuatroLife\.npmrc
5 silly config load:file:C:\Users\balkanlenovo\.npmrc
6 silly config load:file:C:\Users\balkanlenovo\AppData\Roaming\npm\etc\npmrc
7 verbose title npm exec create-next-app@latest . --typescript --tailwind --eslint --app --use-npm --no-src-dir --import-alias @/* --yes
8 verbose argv "exec" "--" "create-next-app@latest" "." "--typescript" "--tailwind" "--eslint" "--app" "--use-npm" "--no-src-dir" "--import-alias" "@/*" "--yes"
9 verbose logfile logs-max:10 dir:C:\Users\balkanlenovo\Desktop\Ivır zıvır\QuatroLife\.npm-cache\_logs\2026-02-19T09_51_27_360Z-
10 verbose logfile C:\Users\balkanlenovo\Desktop\Ivır zıvır\QuatroLife\.npm-cache\_logs\2026-02-19T09_51_27_360Z-debug-0.log
11 silly logfile done cleaning log files
12 silly packumentCache heap:4496293888 maxSize:1124073472 maxEntrySize:562036736
13 http fetch GET 200 https://registry.npmjs.org/create-next-app 369ms (cache miss)
14 silly packumentCache heap:4496293888 maxSize:1124073472 maxEntrySize:562036736
15 silly packumentCache heap:4496293888 maxSize:1124073472 maxEntrySize:562036736
16 warn exec The following package was not found and will be installed: create-next-app@16.1.6
17 silly idealTree buildDeps
18 silly fetch manifest create-next-app@16.1.6
19 silly packumentCache full:https://registry.npmjs.org/create-next-app cache-miss
20 http fetch GET 200 https://registry.npmjs.org/create-next-app 319ms (cache miss)
21 silly packumentCache full:https://registry.npmjs.org/create-next-app set size:undefined disposed:false
22 silly placeDep ROOT create-next-app@16.1.6 OK for:  want: 16.1.6
23 silly reify moves {}
24 silly audit bulk request { 'create-next-app': [ '16.1.6' ] }
25 http cache create-next-app@https://registry.npmjs.org/create-next-app/-/create-next-app-16.1.6.tgz 0ms (cache hit)
26 silly tarball no local data for create-next-app@https://registry.npmjs.org/create-next-app/-/create-next-app-16.1.6.tgz. Extracting by manifest.
27 http fetch POST 200 https://registry.npmjs.org/-/npm/v1/security/advisories/bulk 226ms
28 silly audit report {}
29 http fetch GET 200 https://registry.npmjs.org/create-next-app/-/create-next-app-16.1.6.tgz 540ms (cache miss)
30 verbose cwd C:\Users\balkanlenovo\Desktop\Ivır zıvır\QuatroLife
31 verbose os Windows_NT 10.0.26200
32 verbose node v25.6.0
33 verbose npm  v11.8.0
34 verbose exit 1
35 verbose code 1
